<?xml version="1.0" encoding="UTF-8"?>
<!-- Generated by org.testng.reporters.JUnitReportReporter -->
<testsuite hostname="Analyst" name="topicsAppium.Fbtest" tests="1" failures="0" timestamp="10 Apr 2017 19:53:27 GMT" time="24.113" errors="0">
  <testcase name="fblogin" time="24.113" classname="topicsAppium.Fbtest"/>
</testsuite> <!-- topicsAppium.Fbtest -->
