<?xml version="1.0" encoding="UTF-8"?>
<!-- Generated by org.testng.reporters.JUnitReportReporter -->
<testsuite hostname="Analyst" name="topicsSelenium.ExampleTestNGLog4j" tests="1" failures="0" timestamp="7 Apr 2017 19:48:17 GMT" time="10.265" errors="0">
  <testcase name="login" time="10.265" classname="topicsSelenium.ExampleTestNGLog4j"/>
</testsuite> <!-- topicsSelenium.ExampleTestNGLog4j -->
